2021-06-29 19:36:53,256 DEBUG [TestNG] cache:45 - Couldn't find template in cache for "index.ftl"("en", UTF-8, parsed); will try to load it.
2021-06-29 19:36:53,260 DEBUG [TestNG] cache:45 - TemplateLoader.findTemplateSource("index_en.ftl"): Not found
2021-06-29 19:36:53,263 DEBUG [TestNG] cache:45 - TemplateLoader.findTemplateSource("index.ftl"): Found
2021-06-29 19:36:53,263 DEBUG [TestNG] cache:45 - Loading template for "index.ftl"("en", UTF-8, parsed) from "jar:file:/C:/Users/Admin/.m2/repository/com/aventstack/extentreports/3.1.5/extentreports-3.1.5.jar!/com/aventstack/extentreports/view/html-report/index.ftl"
2021-06-29 19:36:53,457 DEBUG [TestNG] cache:45 - Couldn't find template in cache for "head.ftl"("en", UTF-8, parsed); will try to load it.
2021-06-29 19:36:53,457 DEBUG [TestNG] cache:45 - TemplateLoader.findTemplateSource("head_en.ftl"): Not found
2021-06-29 19:36:53,458 DEBUG [TestNG] cache:45 - TemplateLoader.findTemplateSource("head.ftl"): Found
2021-06-29 19:36:53,458 DEBUG [TestNG] cache:45 - Loading template for "head.ftl"("en", UTF-8, parsed) from "jar:file:/C:/Users/Admin/.m2/repository/com/aventstack/extentreports/3.1.5/extentreports-3.1.5.jar!/com/aventstack/extentreports/view/html-report/head.ftl"
2021-06-29 19:36:53,461 DEBUG [TestNG] cache:45 - Couldn't find template in cache for "nav.ftl"("en", UTF-8, parsed); will try to load it.
2021-06-29 19:36:53,461 DEBUG [TestNG] cache:45 - TemplateLoader.findTemplateSource("nav_en.ftl"): Not found
2021-06-29 19:36:53,461 DEBUG [TestNG] cache:45 - TemplateLoader.findTemplateSource("nav.ftl"): Found
2021-06-29 19:36:53,462 DEBUG [TestNG] cache:45 - Loading template for "nav.ftl"("en", UTF-8, parsed) from "jar:file:/C:/Users/Admin/.m2/repository/com/aventstack/extentreports/3.1.5/extentreports-3.1.5.jar!/com/aventstack/extentreports/view/html-report/nav.ftl"
2021-06-29 19:36:53,475 DEBUG [TestNG] cache:45 - Couldn't find template in cache for "test-view/test-view.ftl"("en", UTF-8, parsed); will try to load it.
2021-06-29 19:36:53,476 DEBUG [TestNG] cache:45 - TemplateLoader.findTemplateSource("test-view/test-view_en.ftl"): Not found
2021-06-29 19:36:53,477 DEBUG [TestNG] cache:45 - TemplateLoader.findTemplateSource("test-view/test-view.ftl"): Found
2021-06-29 19:36:53,478 DEBUG [TestNG] cache:45 - Loading template for "test-view/test-view.ftl"("en", UTF-8, parsed) from "jar:file:/C:/Users/Admin/.m2/repository/com/aventstack/extentreports/3.1.5/extentreports-3.1.5.jar!/com/aventstack/extentreports/view/html-report/test-view/test-view.ftl"
2021-06-29 19:36:53,494 DEBUG [TestNG] cache:45 - Couldn't find template in cache for "test-view/standard.ftl"("en", UTF-8, parsed); will try to load it.
2021-06-29 19:36:53,495 DEBUG [TestNG] cache:45 - TemplateLoader.findTemplateSource("test-view/standard_en.ftl"): Not found
2021-06-29 19:36:53,495 DEBUG [TestNG] cache:45 - TemplateLoader.findTemplateSource("test-view/standard.ftl"): Found
2021-06-29 19:36:53,495 DEBUG [TestNG] cache:45 - Loading template for "test-view/standard.ftl"("en", UTF-8, parsed) from "jar:file:/C:/Users/Admin/.m2/repository/com/aventstack/extentreports/3.1.5/extentreports-3.1.5.jar!/com/aventstack/extentreports/view/html-report/test-view/standard.ftl"
2021-06-29 19:36:53,517 DEBUG [TestNG] cache:45 - "test-view/standard.ftl"("en", UTF-8, parsed) cached copy not yet stale; using cached.
2021-06-29 19:36:53,518 DEBUG [TestNG] cache:45 - "test-view/standard.ftl"("en", UTF-8, parsed) cached copy not yet stale; using cached.
2021-06-29 19:36:53,520 DEBUG [TestNG] cache:45 - "test-view/standard.ftl"("en", UTF-8, parsed) cached copy not yet stale; using cached.
2021-06-29 19:36:53,521 DEBUG [TestNG] cache:45 - "test-view/standard.ftl"("en", UTF-8, parsed) cached copy not yet stale; using cached.
2021-06-29 19:36:53,522 DEBUG [TestNG] cache:45 - "test-view/standard.ftl"("en", UTF-8, parsed) cached copy not yet stale; using cached.
2021-06-29 19:36:53,525 DEBUG [TestNG] cache:45 - "test-view/standard.ftl"("en", UTF-8, parsed) cached copy not yet stale; using cached.
2021-06-29 19:36:53,526 DEBUG [TestNG] cache:45 - "test-view/standard.ftl"("en", UTF-8, parsed) cached copy not yet stale; using cached.
2021-06-29 19:36:53,528 DEBUG [TestNG] cache:45 - Couldn't find template in cache for "test-view/test-view-charts.ftl"("en", UTF-8, parsed); will try to load it.
2021-06-29 19:36:53,529 DEBUG [TestNG] cache:45 - TemplateLoader.findTemplateSource("test-view/test-view-charts_en.ftl"): Not found
2021-06-29 19:36:53,529 DEBUG [TestNG] cache:45 - TemplateLoader.findTemplateSource("test-view/test-view-charts.ftl"): Found
2021-06-29 19:36:53,530 DEBUG [TestNG] cache:45 - Loading template for "test-view/test-view-charts.ftl"("en", UTF-8, parsed) from "jar:file:/C:/Users/Admin/.m2/repository/com/aventstack/extentreports/3.1.5/extentreports-3.1.5.jar!/com/aventstack/extentreports/view/html-report/test-view/test-view-charts.ftl"
2021-06-29 19:36:53,537 DEBUG [TestNG] cache:45 - Couldn't find template in cache for "category-view/category-view.ftl"("en", UTF-8, parsed); will try to load it.
2021-06-29 19:36:53,538 DEBUG [TestNG] cache:45 - TemplateLoader.findTemplateSource("category-view/category-view_en.ftl"): Not found
2021-06-29 19:36:53,538 DEBUG [TestNG] cache:45 - TemplateLoader.findTemplateSource("category-view/category-view.ftl"): Found
2021-06-29 19:36:53,539 DEBUG [TestNG] cache:45 - Loading template for "category-view/category-view.ftl"("en", UTF-8, parsed) from "jar:file:/C:/Users/Admin/.m2/repository/com/aventstack/extentreports/3.1.5/extentreports-3.1.5.jar!/com/aventstack/extentreports/view/html-report/category-view/category-view.ftl"
2021-06-29 19:36:53,542 DEBUG [TestNG] cache:45 - Couldn't find template in cache for "author-view/author-view.ftl"("en", UTF-8, parsed); will try to load it.
2021-06-29 19:36:53,542 DEBUG [TestNG] cache:45 - TemplateLoader.findTemplateSource("author-view/author-view_en.ftl"): Not found
2021-06-29 19:36:53,543 DEBUG [TestNG] cache:45 - TemplateLoader.findTemplateSource("author-view/author-view.ftl"): Found
2021-06-29 19:36:53,543 DEBUG [TestNG] cache:45 - Loading template for "author-view/author-view.ftl"("en", UTF-8, parsed) from "jar:file:/C:/Users/Admin/.m2/repository/com/aventstack/extentreports/3.1.5/extentreports-3.1.5.jar!/com/aventstack/extentreports/view/html-report/author-view/author-view.ftl"
2021-06-29 19:36:53,547 DEBUG [TestNG] cache:45 - Couldn't find template in cache for "exception-view/exception-view.ftl"("en", UTF-8, parsed); will try to load it.
2021-06-29 19:36:53,548 DEBUG [TestNG] cache:45 - TemplateLoader.findTemplateSource("exception-view/exception-view_en.ftl"): Not found
2021-06-29 19:36:53,548 DEBUG [TestNG] cache:45 - TemplateLoader.findTemplateSource("exception-view/exception-view.ftl"): Found
2021-06-29 19:36:53,549 DEBUG [TestNG] cache:45 - Loading template for "exception-view/exception-view.ftl"("en", UTF-8, parsed) from "jar:file:/C:/Users/Admin/.m2/repository/com/aventstack/extentreports/3.1.5/extentreports-3.1.5.jar!/com/aventstack/extentreports/view/html-report/exception-view/exception-view.ftl"
2021-06-29 19:36:53,553 DEBUG [TestNG] cache:45 - Couldn't find template in cache for "dashboard-view/dashboard-view.ftl"("en", UTF-8, parsed); will try to load it.
2021-06-29 19:36:53,554 DEBUG [TestNG] cache:45 - TemplateLoader.findTemplateSource("dashboard-view/dashboard-view_en.ftl"): Not found
2021-06-29 19:36:53,555 DEBUG [TestNG] cache:45 - TemplateLoader.findTemplateSource("dashboard-view/dashboard-view.ftl"): Found
2021-06-29 19:36:53,555 DEBUG [TestNG] cache:45 - Loading template for "dashboard-view/dashboard-view.ftl"("en", UTF-8, parsed) from "jar:file:/C:/Users/Admin/.m2/repository/com/aventstack/extentreports/3.1.5/extentreports-3.1.5.jar!/com/aventstack/extentreports/view/html-report/dashboard-view/dashboard-view.ftl"
2021-06-29 19:36:53,567 DEBUG [TestNG] cache:45 - Couldn't find template in cache for "logs-view/testrunner-logs-view.ftl"("en", UTF-8, parsed); will try to load it.
2021-06-29 19:36:53,567 DEBUG [TestNG] cache:45 - TemplateLoader.findTemplateSource("logs-view/testrunner-logs-view_en.ftl"): Not found
2021-06-29 19:36:53,568 DEBUG [TestNG] cache:45 - TemplateLoader.findTemplateSource("logs-view/testrunner-logs-view.ftl"): Found
2021-06-29 19:36:53,568 DEBUG [TestNG] cache:45 - Loading template for "logs-view/testrunner-logs-view.ftl"("en", UTF-8, parsed) from "jar:file:/C:/Users/Admin/.m2/repository/com/aventstack/extentreports/3.1.5/extentreports-3.1.5.jar!/com/aventstack/extentreports/view/html-report/logs-view/testrunner-logs-view.ftl"
